NOTE: Picked up JDK_JAVA_OPTIONS:  --add-opens=java.base/java.lang=ALL-UNNAMED --add-opens=java.base/java.io=ALL-UNNAMED --add-opens=java.rmi/sun.rmi.transport=ALL-UNNAMED
12-Sep-2020 11:13:39.296 INFO [main] org.apache.catalina.startup.VersionLoggerListener.log Server version name:   Apache Tomcat/9.0.37
12-Sep-2020 11:13:39.301 INFO [main] org.apache.catalina.startup.VersionLoggerListener.log Server built:          Jun 30 2020 20:09:49 UTC
12-Sep-2020 11:13:39.301 INFO [main] org.apache.catalina.startup.VersionLoggerListener.log Server version number: 9.0.37.0
12-Sep-2020 11:13:39.302 INFO [main] org.apache.catalina.startup.VersionLoggerListener.log OS Name:               Mac OS X
12-Sep-2020 11:13:39.302 INFO [main] org.apache.catalina.startup.VersionLoggerListener.log OS Version:            10.15.6
12-Sep-2020 11:13:39.302 INFO [main] org.apache.catalina.startup.VersionLoggerListener.log Architecture:          x86_64
12-Sep-2020 11:13:39.302 INFO [main] org.apache.catalina.startup.VersionLoggerListener.log Java Home:             /Library/Java/JavaVirtualMachines/jdk-14.0.1.jdk/Contents/Home
12-Sep-2020 11:13:39.303 INFO [main] org.apache.catalina.startup.VersionLoggerListener.log JVM Version:           14.0.1+7
12-Sep-2020 11:13:39.310 INFO [main] org.apache.catalina.startup.VersionLoggerListener.log JVM Vendor:            Oracle Corporation
12-Sep-2020 11:13:39.310 INFO [main] org.apache.catalina.startup.VersionLoggerListener.log CATALINA_BASE:         /Users/decagon/Desktop/Code/java/decagon/javanisters/decadev-portfolio-app/apache-tomcat-9.0.37
12-Sep-2020 11:13:39.311 INFO [main] org.apache.catalina.startup.VersionLoggerListener.log CATALINA_HOME:         /Users/decagon/Desktop/Code/java/decagon/javanisters/decadev-portfolio-app/apache-tomcat-9.0.37
12-Sep-2020 11:13:39.341 INFO [main] org.apache.catalina.startup.VersionLoggerListener.log Command line argument: --add-opens=java.base/java.lang=ALL-UNNAMED
12-Sep-2020 11:13:39.341 INFO [main] org.apache.catalina.startup.VersionLoggerListener.log Command line argument: --add-opens=java.base/java.io=ALL-UNNAMED
12-Sep-2020 11:13:39.342 INFO [main] org.apache.catalina.startup.VersionLoggerListener.log Command line argument: --add-opens=java.rmi/sun.rmi.transport=ALL-UNNAMED
12-Sep-2020 11:13:39.342 INFO [main] org.apache.catalina.startup.VersionLoggerListener.log Command line argument: -Djava.util.logging.config.file=/Users/decagon/Desktop/Code/java/decagon/javanisters/decadev-portfolio-app/apache-tomcat-9.0.37/conf/logging.properties
12-Sep-2020 11:13:39.343 INFO [main] org.apache.catalina.startup.VersionLoggerListener.log Command line argument: -Djava.util.logging.manager=org.apache.juli.ClassLoaderLogManager
12-Sep-2020 11:13:39.343 INFO [main] org.apache.catalina.startup.VersionLoggerListener.log Command line argument: -Djdk.tls.ephemeralDHKeySize=2048
12-Sep-2020 11:13:39.344 INFO [main] org.apache.catalina.startup.VersionLoggerListener.log Command line argument: -Djava.protocol.handler.pkgs=org.apache.catalina.webresources
12-Sep-2020 11:13:39.346 INFO [main] org.apache.catalina.startup.VersionLoggerListener.log Command line argument: -Dorg.apache.catalina.security.SecurityListener.UMASK=0027
12-Sep-2020 11:13:39.347 INFO [main] org.apache.catalina.startup.VersionLoggerListener.log Command line argument: -Dignore.endorsed.dirs=
12-Sep-2020 11:13:39.347 INFO [main] org.apache.catalina.startup.VersionLoggerListener.log Command line argument: -Dcatalina.base=/Users/decagon/Desktop/Code/java/decagon/javanisters/decadev-portfolio-app/apache-tomcat-9.0.37
12-Sep-2020 11:13:39.348 INFO [main] org.apache.catalina.startup.VersionLoggerListener.log Command line argument: -Dcatalina.home=/Users/decagon/Desktop/Code/java/decagon/javanisters/decadev-portfolio-app/apache-tomcat-9.0.37
12-Sep-2020 11:13:39.348 INFO [main] org.apache.catalina.startup.VersionLoggerListener.log Command line argument: -Djava.io.tmpdir=/Users/decagon/Desktop/Code/java/decagon/javanisters/decadev-portfolio-app/apache-tomcat-9.0.37/temp
12-Sep-2020 11:13:39.349 INFO [main] org.apache.catalina.core.AprLifecycleListener.lifecycleEvent The Apache Tomcat Native library which allows using OpenSSL was not found on the java.library.path: [/Users/decagon/Library/Java/Extensions:/Library/Java/Extensions:/Network/Library/Java/Extensions:/System/Library/Java/Extensions:/usr/lib/java:.]
12-Sep-2020 11:13:40.330 INFO [main] org.apache.coyote.AbstractProtocol.init Initializing ProtocolHandler ["http-nio-8080"]
12-Sep-2020 11:13:40.544 INFO [main] org.apache.catalina.startup.Catalina.load Server initialization in [1914] milliseconds
12-Sep-2020 11:13:40.871 INFO [main] org.apache.catalina.core.StandardService.startInternal Starting service [Catalina]
12-Sep-2020 11:13:40.872 INFO [main] org.apache.catalina.core.StandardEngine.startInternal Starting Servlet engine: [Apache Tomcat/9.0.37]
12-Sep-2020 11:13:40.903 INFO [main] org.apache.catalina.startup.HostConfig.deployDirectory Deploying web application directory [/Users/decagon/Desktop/Code/java/decagon/javanisters/decadev-portfolio-app/apache-tomcat-9.0.37/webapps/docs]
12-Sep-2020 11:13:43.071 INFO [main] org.apache.catalina.startup.HostConfig.deployDirectory Deployment of web application directory [/Users/decagon/Desktop/Code/java/decagon/javanisters/decadev-portfolio-app/apache-tomcat-9.0.37/webapps/docs] has finished in [2,165] ms
12-Sep-2020 11:13:43.072 INFO [main] org.apache.catalina.startup.HostConfig.deployDirectory Deploying web application directory [/Users/decagon/Desktop/Code/java/decagon/javanisters/decadev-portfolio-app/apache-tomcat-9.0.37/webapps/manager]
12-Sep-2020 11:13:43.259 INFO [main] org.apache.catalina.startup.HostConfig.deployDirectory Deployment of web application directory [/Users/decagon/Desktop/Code/java/decagon/javanisters/decadev-portfolio-app/apache-tomcat-9.0.37/webapps/manager] has finished in [186] ms
12-Sep-2020 11:13:43.259 INFO [main] org.apache.catalina.startup.HostConfig.deployDirectory Deploying web application directory [/Users/decagon/Desktop/Code/java/decagon/javanisters/decadev-portfolio-app/apache-tomcat-9.0.37/webapps/examples]
12-Sep-2020 11:13:44.396 INFO [main] org.apache.catalina.startup.HostConfig.deployDirectory Deployment of web application directory [/Users/decagon/Desktop/Code/java/decagon/javanisters/decadev-portfolio-app/apache-tomcat-9.0.37/webapps/examples] has finished in [1,136] ms
12-Sep-2020 11:13:44.398 INFO [main] org.apache.catalina.startup.HostConfig.deployDirectory Deploying web application directory [/Users/decagon/Desktop/Code/java/decagon/javanisters/decadev-portfolio-app/apache-tomcat-9.0.37/webapps/ROOT]
12-Sep-2020 11:13:44.783 INFO [main] org.apache.catalina.startup.HostConfig.deployDirectory Deployment of web application directory [/Users/decagon/Desktop/Code/java/decagon/javanisters/decadev-portfolio-app/apache-tomcat-9.0.37/webapps/ROOT] has finished in [386] ms
12-Sep-2020 11:13:44.784 INFO [main] org.apache.catalina.startup.HostConfig.deployDirectory Deploying web application directory [/Users/decagon/Desktop/Code/java/decagon/javanisters/decadev-portfolio-app/apache-tomcat-9.0.37/webapps/host-manager]
12-Sep-2020 11:13:44.928 INFO [main] org.apache.catalina.startup.HostConfig.deployDirectory Deployment of web application directory [/Users/decagon/Desktop/Code/java/decagon/javanisters/decadev-portfolio-app/apache-tomcat-9.0.37/webapps/host-manager] has finished in [143] ms
12-Sep-2020 11:13:44.963 INFO [main] org.apache.coyote.AbstractProtocol.start Starting ProtocolHandler ["http-nio-8080"]
12-Sep-2020 11:13:44.991 INFO [main] org.apache.catalina.startup.Catalina.start Server startup in [4443] milliseconds
12-Sep-2020 11:14:00.574 INFO [main] org.apache.catalina.core.StandardServer.await A valid shutdown command was received via the shutdown port. Stopping the Server instance.
12-Sep-2020 11:14:00.575 INFO [main] org.apache.coyote.AbstractProtocol.pause Pausing ProtocolHandler ["http-nio-8080"]
12-Sep-2020 11:14:00.583 INFO [main] org.apache.catalina.core.StandardService.stopInternal Stopping service [Catalina]
12-Sep-2020 11:14:00.657 INFO [main] org.apache.coyote.AbstractProtocol.stop Stopping ProtocolHandler ["http-nio-8080"]
12-Sep-2020 11:14:00.663 INFO [main] org.apache.coyote.AbstractProtocol.destroy Destroying ProtocolHandler ["http-nio-8080"]
